women_safty/android/app/build/intermediates/manifest_merge_blame_file/debug/manifest-merger-blame-debug-report.txt
1<?xml version="1.0" encoding="utf-8"?>
2<manifest xmlns:android="http://schemas.android.com/apk/res/android"
3    package="com.example.women_safty"
4    android:versionCode="1"
5    android:versionName="1.0.0" >
6
7    <uses-sdk
8        android:minSdkVersion="21"
9        android:targetSdkVersion="34" />
10    <!--
11         The INTERNET permission is required for development. Specifically,
12         the Flutter tool needs it to communicate with the running application
13         to allow setting breakpoints, to provide hot reload, etc.
14    -->
15    <uses-permission android:name="android.permission.INTERNET" />
15-->src/debug/AndroidManifest.xml:6:5-66
15-->src/debug/AndroidManifest.xml:6:22-64
16    <!--
17     Required to query activities that can process text, see:
18         https://developer.android.com/training/package-visibility and
19         https://developer.android.com/reference/android/content/Intent#ACTION_PROCESS_TEXT.
20
21         In particular, this is used by the Flutter engine in io.flutter.plugin.text.ProcessTextPlugin.
22    -->
23    <queries>
23-->src/main/AndroidManifest.xml:40:5-45:15
24        <intent>
24-->src/main/AndroidManifest.xml:41:9-44:18
25            <action android:name="android.intent.action.PROCESS_TEXT" />
25-->src/main/AndroidManifest.xml:42:13-72
25-->src/main/AndroidManifest.xml:42:21-70
26
27            <data android:mimeType="text/plain" />
27-->src/main/AndroidManifest.xml:43:13-50
27-->src/main/AndroidManifest.xml:43:19-48
28        </intent>
29    </queries>
30
31    <uses-permission android:name="android.permission.CALL_PHONE" />
31-->[:flutter_phone_direct_caller] AndroidManifest.xml:7:5-69
31-->[:flutter_phone_direct_caller] AndroidManifest.xml:7:22-66
32
33    <uses-feature
33-->[:flutter_phone_direct_caller] AndroidManifest.xml:9:5-11:36
34        android:name="android.hardware.telephony"
34-->[:flutter_phone_direct_caller] AndroidManifest.xml:10:9-50
35        android:required="false" />
35-->[:flutter_phone_direct_caller] AndroidManifest.xml:11:9-33
36
37    <permission
37-->[androidx.core:core:1.13.1] AndroidManifest.xml:22:5-24:47
38        android:name="com.example.women_safty.DYNAMIC_RECEIVER_NOT_EXPORTED_PERMISSION"
38-->[androidx.core:core:1.13.1] AndroidManifest.xml:23:9-81
39        android:protectionLevel="signature" />
39-->[androidx.core:core:1.13.1] AndroidManifest.xml:24:9-44
40
41    <uses-permission android:name="com.example.women_safty.DYNAMIC_RECEIVER_NOT_EXPORTED_PERMISSION" />
41-->[androidx.core:core:1.13.1] AndroidManifest.xml:26:5-97
41-->[androidx.core:core:1.13.1] AndroidManifest.xml:26:22-94
42
43    <application
44        android:name="android.app.Application"
45        android:appComponentFactory="androidx.core.app.CoreComponentFactory"
45-->[androidx.core:core:1.13.1] AndroidManifest.xml:28:18-86
46        android:debuggable="true"
47        android:extractNativeLibs="true"
48        android:icon="@mipmap/ic_launcher"
49        android:label="women_safty" >
50        <activity
51            android:name="com.example.women_safty.MainActivity"
52            android:configChanges="orientation|keyboardHidden|keyboard|screenSize|smallestScreenSize|locale|layoutDirection|fontScale|screenLayout|density|uiMode"
53            android:exported="true"
54            android:hardwareAccelerated="true"
55            android:launchMode="singleTop"
56            android:taskAffinity=""
57            android:theme="@style/LaunchTheme"
58            android:windowSoftInputMode="adjustResize" >
59
60            <!--
61                 Specifies an Android theme to apply to this Activity as soon as
62                 the Android process has started. This theme is visible to the user
63                 while the Flutter UI initializes. After that, this theme continues
64                 to determine the Window background behind the Flutter UI.
65            -->
66            <meta-data
67                android:name="io.flutter.embedding.android.NormalTheme"
68                android:resource="@style/NormalTheme" />
69
70            <intent-filter>
71                <action android:name="android.intent.action.MAIN" />
72
73                <category android:name="android.intent.category.LAUNCHER" />
74            </intent-filter>
75        </activity>
76        <!--
77             Don't delete the meta-data below.
78             This is used by the Flutter tool to generate GeneratedPluginRegistrant.java
79        -->
80        <meta-data
81            android:name="flutterEmbedding"
82            android:value="2" />
83
84        <activity
84-->[:url_launcher_android] AndroidManifest.xml:8:9-11:74
85            android:name="io.flutter.plugins.urllauncher.WebViewActivity"
85-->[:url_launcher_android] AndroidManifest.xml:9:13-74
86            android:exported="false"
86-->[:url_launcher_android] AndroidManifest.xml:10:13-37
87            android:theme="@android:style/Theme.NoTitleBar.Fullscreen" />
87-->[:url_launcher_android] AndroidManifest.xml:11:13-71
88
89        <uses-library
89-->[androidx.window:window:1.2.0] AndroidManifest.xml:23:9-25:40
90            android:name="androidx.window.extensions"
90-->[androidx.window:window:1.2.0] AndroidManifest.xml:24:13-54
91            android:required="false" />
91-->[androidx.window:window:1.2.0] AndroidManifest.xml:25:13-37
92        <uses-library
92-->[androidx.window:window:1.2.0] AndroidManifest.xml:26:9-28:40
93            android:name="androidx.window.sidecar"
93-->[androidx.window:window:1.2.0] AndroidManifest.xml:27:13-51
94            android:required="false" />
94-->[androidx.window:window:1.2.0] AndroidManifest.xml:28:13-37
95
96        <provider
96-->[androidx.lifecycle:lifecycle-process:2.7.0] AndroidManifest.xml:24:9-32:20
97            android:name="androidx.startup.InitializationProvider"
97-->[androidx.lifecycle:lifecycle-process:2.7.0] AndroidManifest.xml:25:13-67
98            android:authorities="com.example.women_safty.androidx-startup"
98-->[androidx.lifecycle:lifecycle-process:2.7.0] AndroidManifest.xml:26:13-68
99            android:exported="false" >
99-->[androidx.lifecycle:lifecycle-process:2.7.0] AndroidManifest.xml:27:13-37
100            <meta-data
100-->[androidx.lifecycle:lifecycle-process:2.7.0] AndroidManifest.xml:29:13-31:52
101                android:name="androidx.lifecycle.ProcessLifecycleInitializer"
101-->[androidx.lifecycle:lifecycle-process:2.7.0] AndroidManifest.xml:30:17-78
102                android:value="androidx.startup" />
102-->[androidx.lifecycle:lifecycle-process:2.7.0] AndroidManifest.xml:31:17-49
103            <meta-data
103-->[androidx.profileinstaller:profileinstaller:1.3.1] AndroidManifest.xml:29:13-31:52
104                android:name="androidx.profileinstaller.ProfileInstallerInitializer"
104-->[androidx.profileinstaller:profileinstaller:1.3.1] AndroidManifest.xml:30:17-85
105                android:value="androidx.startup" />
105-->[androidx.profileinstaller:profileinstaller:1.3.1] AndroidManifest.xml:31:17-49
106        </provider>
107
108        <receiver
108-->[androidx.profileinstaller:profileinstaller:1.3.1] AndroidManifest.xml:34:9-52:20
109            android:name="androidx.profileinstaller.ProfileInstallReceiver"
109-->[androidx.profileinstaller:profileinstaller:1.3.1] AndroidManifest.xml:35:13-76
110            android:directBootAware="false"
110-->[androidx.profileinstaller:profileinstaller:1.3.1] AndroidManifest.xml:36:13-44
111            android:enabled="true"
111-->[androidx.profileinstaller:profileinstaller:1.3.1] AndroidManifest.xml:37:13-35
112            android:exported="true"
112-->[androidx.profileinstaller:profileinstaller:1.3.1] AndroidManifest.xml:38:13-36
113            android:permission="android.permission.DUMP" >
113-->[androidx.profileinstaller:profileinstaller:1.3.1] AndroidManifest.xml:39:13-57
114            <intent-filter>
114-->[androidx.profileinstaller:profileinstaller:1.3.1] AndroidManifest.xml:40:13-42:29
115                <action android:name="androidx.profileinstaller.action.INSTALL_PROFILE" />
115-->[androidx.profileinstaller:profileinstaller:1.3.1] AndroidManifest.xml:41:17-91
115-->[androidx.profileinstaller:profileinstaller:1.3.1] AndroidManifest.xml:41:25-88
116            </intent-filter>
117            <intent-filter>
117-->[androidx.profileinstaller:profileinstaller:1.3.1] AndroidManifest.xml:43:13-45:29
118                <action android:name="androidx.profileinstaller.action.SKIP_FILE" />
118-->[androidx.profileinstaller:profileinstaller:1.3.1] AndroidManifest.xml:44:17-85
118-->[androidx.profileinstaller:profileinstaller:1.3.1] AndroidManifest.xml:44:25-82
119            </intent-filter>
120            <intent-filter>
120-->[androidx.profileinstaller:profileinstaller:1.3.1] AndroidManifest.xml:46:13-48:29
121                <action android:name="androidx.profileinstaller.action.SAVE_PROFILE" />
121-->[androidx.profileinstaller:profileinstaller:1.3.1] AndroidManifest.xml:47:17-88
121-->[androidx.profileinstaller:profileinstaller:1.3.1] AndroidManifest.xml:47:25-85
122            </intent-filter>
123            <intent-filter>
123-->[androidx.profileinstaller:profileinstaller:1.3.1] AndroidManifest.xml:49:13-51:29
124                <action android:name="androidx.profileinstaller.action.BENCHMARK_OPERATION" />
124-->[androidx.profileinstaller:profileinstaller:1.3.1] AndroidManifest.xml:50:17-95
124-->[androidx.profileinstaller:profileinstaller:1.3.1] AndroidManifest.xml:50:25-92
125            </intent-filter>
126        </receiver>
127    </application>
128
129</manifest>